<?xml version='1.0' encoding='iso-8859-1'?>
<ImportLog>
   <RowImport>
      <Name>English</Name>
      <Description>English</Description>
      <Class>28</Class>
      <Status>1</Status>
      <Id>1</Id>
      <Errors>
      </Errors>
      <Warnings>
      </Warnings>
      <Infos>
         <Folder>Main</Folder>
      </Infos>
   </RowImport>
   <RowImport>
      <Name>Italian</Name>
      <Description>Italian</Description>
      <Class>28</Class>
      <Status>1</Status>
      <Id>2</Id>
      <Errors>
      </Errors>
      <Warnings>
      </Warnings>
      <Infos>
         <Folder>Main</Folder>
      </Infos>
   </RowImport>
   <RowImport>
      <Name>Portuguese</Name>
      <Description>Portuguese</Description>
      <Class>28</Class>
      <Status>1</Status>
      <Id>3</Id>
      <Errors>
      </Errors>
      <Warnings>
      </Warnings>
      <Infos>
         <Folder>Main</Folder>
      </Infos>
   </RowImport>
   <RowImport>
      <Name>SimplifiedChinese</Name>
      <Description>Simplified Chinese</Description>
      <Class>28</Class>
      <Status>1</Status>
      <Id>4</Id>
      <Errors>
      </Errors>
      <Warnings>
      </Warnings>
      <Infos>
         <Folder>Main</Folder>
      </Infos>
   </RowImport>
   <RowImport>
      <Name>Spanish</Name>
      <Description>Spanish</Description>
      <Class>28</Class>
      <Status>1</Status>
      <Id>5</Id>
      <Errors>
      </Errors>
      <Warnings>
      </Warnings>
      <Infos>
         <Folder>Main</Folder>
      </Infos>
   </RowImport>
   <RowImport>
      <Name>TraditionalChinese</Name>
      <Description>Traditional Chinese</Description>
      <Class>28</Class>
      <Status>1</Status>
      <Id>6</Id>
      <Errors>
      </Errors>
      <Warnings>
      </Warnings>
      <Infos>
         <Folder>Main</Folder>
      </Infos>
   </RowImport>
</ImportLog>